<?xml version="1.0" encoding="UTF-8"?>
<testsuite xmlns:xsi="http://www.w3.org/2001/XMLSchema-instance" xsi:noNamespaceSchemaLocation="https://maven.apache.org/surefire/maven-surefire-plugin/xsd/surefire-test-report-3.0.xsd" version="3.0" name="com.example.demo.Demo2ApplicationTests" time="3.347" tests="1" errors="0" skipped="0" failures="0">
  <properties>
[...]
</properties>
  <testcase name="contextLoads" classname="com.example.demo.Demo2ApplicationTests" time="1.546">
    <system-out><![CDATA[15:44:20.589 [main] INFO org.springframework.test.context.support.AnnotationConfigContextLoaderUtils -- Could not detect default configuration classes for test class [com.example.demo.Demo2ApplicationTests]: Demo2ApplicationTests does not declare any static, non-private, non-final, nested classes annotated with @Configuration.
15:44:20.696 [main] INFO org.springframework.boot.test.context.SpringBootTestContextBootstrapper -- Found @SpringBootConfiguration com.example.demo.Demo2Application for test class com.example.demo.Demo2ApplicationTests

  .   ____          _            __ _ _
 /\\ / ___'_ __ _ _(_)_ __  __ _ \ \ \ \
( ( )\___ | '_ | '_| | '_ \/ _` | \ \ \ \
 \\/  ___)| |_)| | | | | || (_| |  ) ) ) )
  '  |____| .__|_| |_|_| |_\__, | / / / /
 =========|_|==============|___/=/_/_/_/
 :: Spring Boot ::                (v3.2.5)

2024-04-30T15:44:21.094+05:30  INFO 25524 --- [demo2] [           main] com.example.demo.Demo2ApplicationTests   : Starting Demo2ApplicationTests using Java 17.0.4.1 with PID 25524 (started by SENTHOORPANDIM in D:\AWS\demo2)
2024-04-30T15:44:21.096+05:30  INFO 25524 --- [demo2] [           main] com.example.demo.Demo2ApplicationTests   : No active profile set, falling back to 1 default profile: "default"
2024-04-30T15:44:22.200+05:30  INFO 25524 --- [demo2] [           main] com.example.demo.Demo2ApplicationTests   : Started Demo2ApplicationTests in 1.35 seconds (process running for 2.527)
]]></system-out>
  </testcase>
</testsuite>